Added Component: Designator=C1(CAP 1206_3216 - 0.8MM)
Add component (AddParameter): Name = "Applications"; Value = "Medical, Non-Critical"; VariantName = "[No Variations]"
Add component (AddParameter): Name = "Capacitance"; Value = "100pF"; VariantName = "[No Variations]"
Add component (AddParameter): Name = "componentlink1description"; Value = "Datasheet"; VariantName = "[No Variations]"
Add component (AddParameter): Name = "componentlink1url"; Value = "http://datasheets.avx.com/AVX-MM.pdf"; VariantName = "[No Variations]"
Add component (AddParameter): Name = "componentlink2description"; Value = "DigiKey Link"; VariantName = "[No Variations]"
Add component (AddParameter): Name = "componentlink2url"; Value = "http://digikey.com/product-detail/en/avx-corporation/MM061A101JCT2A/478-10622-1-ND/7344883"; VariantName = "[No Variations]"
Add component (AddParameter): Name = "Device Package"; Value = "1206 (3216 Metric)"; VariantName = "[No Variations]"
Add component (AddParameter): Name = "lastupdated"; Value = "9/2/2020 1:04:46 AM"; VariantName = "[No Variations]"
Add component (AddParameter): Name = "Lifecycle Status"; Value = "Active"; VariantName = "[No Variations]"
Add component (AddParameter): Name = "manufacturer"; Value = "AVX Corporation"; VariantName = "[No Variations]"
Add component (AddParameter): Name = "Minimum Order"; Value = "1"; VariantName = "[No Variations]"
Add component (AddParameter): Name = "Mounting Type"; Value = "Surface Mount, MLCC"; VariantName = "[No Variations]"
Add component (AddParameter): Name = "Operating Temperature"; Value = "-55°C ~ 125°C"; VariantName = "[No Variations]"
Add component (AddParameter): Name = "Package / Case"; Value = "1206 (3216 Metric)"; VariantName = "[No Variations]"
Add component (AddParameter): Name = "packaging"; Value = "TapeAndReel"; VariantName = "[No Variations]"
Add component (AddParameter): Name = "Part Number"; Value = "MM061A101JCT2A"; VariantName = "[No Variations]"
Add component (AddParameter): Name = "Part Status"; Value = "Active"; VariantName = "[No Variations]"
Add component (AddParameter): Name = "partid"; Value = "18685"; VariantName = "[No Variations]"
Add component (AddParameter): Name = "price"; Value = "0.52"; VariantName = "[No Variations]"
Add component (AddParameter): Name = "series"; Value = "MM"; VariantName = "[No Variations]"
Add component (AddParameter): Name = "Size / Dimension"; Value = "0.126" L x 0.063" W (3.20mm x 1.60mm)"; VariantName = "[No Variations]"
Add component (AddParameter): Name = "Supplier 1"; Value = "DigiKey"; VariantName = "[No Variations]"
Add component (AddParameter): Name = "Supplier Part Number 1"; Value = "478-10622-1-ND"; VariantName = "[No Variations]"
Add component (AddParameter): Name = "Temperature Coefficient"; Value = "C0G, NP0"; VariantName = "[No Variations]"
Add component (AddParameter): Name = "Thickness (Max)"; Value = "0.029" (0.74mm)"; VariantName = "[No Variations]"
Add component (AddParameter): Name = "Tolerance"; Value = "±5%"; VariantName = "[No Variations]"
Add component (AddParameter): Name = "Value"; Value = "100pF"; VariantName = "[No Variations]"
Add component (AddParameter): Name = "Voltage - Rated"; Value = "100V"; VariantName = "[No Variations]"
Added Component: Designator=C2(CAP 1206_3216 - 0.8MM)
Add component (AddParameter): Name = "Applications"; Value = "Medical, Non-Critical"; VariantName = "[No Variations]"
Add component (AddParameter): Name = "Capacitance"; Value = "100pF"; VariantName = "[No Variations]"
Add component (AddParameter): Name = "componentlink1description"; Value = "Datasheet"; VariantName = "[No Variations]"
Add component (AddParameter): Name = "componentlink1url"; Value = "http://datasheets.avx.com/AVX-MM.pdf"; VariantName = "[No Variations]"
Add component (AddParameter): Name = "componentlink2description"; Value = "DigiKey Link"; VariantName = "[No Variations]"
Add component (AddParameter): Name = "componentlink2url"; Value = "http://digikey.com/product-detail/en/avx-corporation/MM061A101JCT2A/478-10622-1-ND/7344883"; VariantName = "[No Variations]"
Add component (AddParameter): Name = "Device Package"; Value = "1206 (3216 Metric)"; VariantName = "[No Variations]"
Add component (AddParameter): Name = "lastupdated"; Value = "9/2/2020 1:04:46 AM"; VariantName = "[No Variations]"
Add component (AddParameter): Name = "Lifecycle Status"; Value = "Active"; VariantName = "[No Variations]"
Add component (AddParameter): Name = "manufacturer"; Value = "AVX Corporation"; VariantName = "[No Variations]"
Add component (AddParameter): Name = "Minimum Order"; Value = "1"; VariantName = "[No Variations]"
Add component (AddParameter): Name = "Mounting Type"; Value = "Surface Mount, MLCC"; VariantName = "[No Variations]"
Add component (AddParameter): Name = "Operating Temperature"; Value = "-55°C ~ 125°C"; VariantName = "[No Variations]"
Add component (AddParameter): Name = "Package / Case"; Value = "1206 (3216 Metric)"; VariantName = "[No Variations]"
Add component (AddParameter): Name = "packaging"; Value = "TapeAndReel"; VariantName = "[No Variations]"
Add component (AddParameter): Name = "Part Number"; Value = "MM061A101JCT2A"; VariantName = "[No Variations]"
Add component (AddParameter): Name = "Part Status"; Value = "Active"; VariantName = "[No Variations]"
Add component (AddParameter): Name = "partid"; Value = "18685"; VariantName = "[No Variations]"
Add component (AddParameter): Name = "price"; Value = "0.52"; VariantName = "[No Variations]"
Add component (AddParameter): Name = "series"; Value = "MM"; VariantName = "[No Variations]"
Add component (AddParameter): Name = "Size / Dimension"; Value = "0.126" L x 0.063" W (3.20mm x 1.60mm)"; VariantName = "[No Variations]"
Add component (AddParameter): Name = "Supplier 1"; Value = "DigiKey"; VariantName = "[No Variations]"
Add component (AddParameter): Name = "Supplier Part Number 1"; Value = "478-10622-1-ND"; VariantName = "[No Variations]"
Add component (AddParameter): Name = "Temperature Coefficient"; Value = "C0G, NP0"; VariantName = "[No Variations]"
Add component (AddParameter): Name = "Thickness (Max)"; Value = "0.029" (0.74mm)"; VariantName = "[No Variations]"
Add component (AddParameter): Name = "Tolerance"; Value = "±5%"; VariantName = "[No Variations]"
Add component (AddParameter): Name = "Value"; Value = "100pF"; VariantName = "[No Variations]"
Add component (AddParameter): Name = "Voltage - Rated"; Value = "100V"; VariantName = "[No Variations]"
Added Component: Designator=F1(FUSM4632X200N)
Add component (AddParameter): Name = "Digi-Key_Part_Number"; Value = "F5632CT-ND"; VariantName = "[No Variations]"
Add component (AddParameter): Name = "DigiKey-Purchase-URL"; Value = "https://snapeda.com/shop?store=DigiKey&id=1118335"; VariantName = "[No Variations]"
Add component (AddParameter): Name = "MF"; Value = "Littelfuse Inc."; VariantName = "[No Variations]"
Add component (AddParameter): Name = "MP"; Value = "1812L110/24DR"; VariantName = "[No Variations]"
Add component (AddParameter): Name = "Package"; Value = "1812 Littelfuse"; VariantName = "[No Variations]"
Add component (AddParameter): Name = "SnapEDA_Link"; Value = "https://www.snapeda.com/parts/1812L110/24DR/Littelfuse%20Inc./view-part/1118335/?ref=snap"; VariantName = "[No Variations]"
Add component (AddParameter): Name = "Value"; Value = ""; VariantName = "[No Variations]"
Added Component: Designator=F2(FUSM4632X200N)
Add component (AddParameter): Name = "Digi-Key_Part_Number"; Value = "F5632CT-ND"; VariantName = "[No Variations]"
Add component (AddParameter): Name = "DigiKey-Purchase-URL"; Value = "https://snapeda.com/shop?store=DigiKey&id=1118335"; VariantName = "[No Variations]"
Add component (AddParameter): Name = "MF"; Value = "Littelfuse Inc."; VariantName = "[No Variations]"
Add component (AddParameter): Name = "MP"; Value = "1812L110/24DR"; VariantName = "[No Variations]"
Add component (AddParameter): Name = "Package"; Value = "1812 Littelfuse"; VariantName = "[No Variations]"
Add component (AddParameter): Name = "SnapEDA_Link"; Value = "https://www.snapeda.com/parts/1812L110/24DR/Littelfuse%20Inc./view-part/1118335/?ref=snap"; VariantName = "[No Variations]"
Add component (AddParameter): Name = "Value"; Value = ""; VariantName = "[No Variations]"
Added Component: Designator=F3(FUSM4632X200N)
Add component (AddParameter): Name = "Digi-Key_Part_Number"; Value = "F5632CT-ND"; VariantName = "[No Variations]"
Add component (AddParameter): Name = "DigiKey-Purchase-URL"; Value = "https://snapeda.com/shop?store=DigiKey&id=1118335"; VariantName = "[No Variations]"
Add component (AddParameter): Name = "MF"; Value = "Littelfuse Inc."; VariantName = "[No Variations]"
Add component (AddParameter): Name = "MP"; Value = "1812L110/24DR"; VariantName = "[No Variations]"
Add component (AddParameter): Name = "Package"; Value = "1812 Littelfuse"; VariantName = "[No Variations]"
Add component (AddParameter): Name = "SnapEDA_Link"; Value = "https://www.snapeda.com/parts/1812L110/24DR/Littelfuse%20Inc./view-part/1118335/?ref=snap"; VariantName = "[No Variations]"
Add component (AddParameter): Name = "Value"; Value = ""; VariantName = "[No Variations]"
Added Component: Designator=F4(FUSM4632X200N)
Add component (AddParameter): Name = "Digi-Key_Part_Number"; Value = "F5632CT-ND"; VariantName = "[No Variations]"
Add component (AddParameter): Name = "DigiKey-Purchase-URL"; Value = "https://snapeda.com/shop?store=DigiKey&id=1118335"; VariantName = "[No Variations]"
Add component (AddParameter): Name = "MF"; Value = "Littelfuse Inc."; VariantName = "[No Variations]"
Add component (AddParameter): Name = "MP"; Value = "1812L110/24DR"; VariantName = "[No Variations]"
Add component (AddParameter): Name = "Package"; Value = "1812 Littelfuse"; VariantName = "[No Variations]"
Add component (AddParameter): Name = "SnapEDA_Link"; Value = "https://www.snapeda.com/parts/1812L110/24DR/Littelfuse%20Inc./view-part/1118335/?ref=snap"; VariantName = "[No Variations]"
Add component (AddParameter): Name = "Value"; Value = ""; VariantName = "[No Variations]"
Added Component: Designator=F5(FUSM4632X200N)
Add component (AddParameter): Name = "Digi-Key_Part_Number"; Value = "F5632CT-ND"; VariantName = "[No Variations]"
Add component (AddParameter): Name = "DigiKey-Purchase-URL"; Value = "https://snapeda.com/shop?store=DigiKey&id=1118335"; VariantName = "[No Variations]"
Add component (AddParameter): Name = "MF"; Value = "Littelfuse Inc."; VariantName = "[No Variations]"
Add component (AddParameter): Name = "MP"; Value = "1812L110/24DR"; VariantName = "[No Variations]"
Add component (AddParameter): Name = "Package"; Value = "1812 Littelfuse"; VariantName = "[No Variations]"
Add component (AddParameter): Name = "SnapEDA_Link"; Value = "https://www.snapeda.com/parts/1812L110/24DR/Littelfuse%20Inc./view-part/1118335/?ref=snap"; VariantName = "[No Variations]"
Add component (AddParameter): Name = "Value"; Value = ""; VariantName = "[No Variations]"
Added Component: Designator=J1(MOLEX 395021004)
Add component (AddParameter): Name = "Color"; Value = "Black"; VariantName = "[No Variations]"
Add component (AddParameter): Name = "ComponentLink1Description"; Value = "Datasheet"; VariantName = "[No Variations]"
Add component (AddParameter): Name = "ComponentLink1URL"; Value = "https://www.molex.com/pdm_docs/sd/395021002_sd.pdf"; VariantName = "[No Variations]"
Add component (AddParameter): Name = "ComponentLink2Description"; Value = "DigiKey Link"; VariantName = "[No Variations]"
Add component (AddParameter): Name = "ComponentLink2URL"; Value = "http://digikey.com/product-detail/en/molex/0395021004/WM7772-ND/1280623"; VariantName = "[No Variations]"
Add component (AddParameter): Name = "Contact Mating Finish"; Value = "Tin"; VariantName = "[No Variations]"
Add component (AddParameter): Name = "Current - UL"; Value = "8A"; VariantName = "[No Variations]"
Add component (AddParameter): Name = "Header Orientation"; Value = "90°, Right Angle"; VariantName = "[No Variations]"
Add component (AddParameter): Name = "LastUpdated"; Value = "6/25/2020 3:44:36 PM"; VariantName = "[No Variations]"
Add component (AddParameter): Name = "Lifecycle Status"; Value = "Active"; VariantName = "[No Variations]"
Add component (AddParameter): Name = "Manufacturer"; Value = "Molex"; VariantName = "[No Variations]"
Add component (AddParameter): Name = "Minimum Order"; Value = "1"; VariantName = "[No Variations]"
Add component (AddParameter): Name = "Mounting Type"; Value = "Through Hole"; VariantName = "[No Variations]"
Add component (AddParameter): Name = "Number of Levels"; Value = "1"; VariantName = "[No Variations]"
Add component (AddParameter): Name = "Number of Positions"; Value = "4"; VariantName = "[No Variations]"
Add component (AddParameter): Name = "Operating Temperature"; Value = "-40°C ~ 105°C"; VariantName = "[No Variations]"
Add component (AddParameter): Name = "Packaging"; Value = "Tray"; VariantName = "[No Variations]"
Add component (AddParameter): Name = "Part Number"; Value = "0395021004"; VariantName = "[No Variations]"
Add component (AddParameter): Name = "Part Status"; Value = "Active"; VariantName = "[No Variations]"
Add component (AddParameter): Name = "Pitch"; Value = "0.138" (3.50mm)"; VariantName = "[No Variations]"
Add component (AddParameter): Name = "Positions Per Level"; Value = "4"; VariantName = "[No Variations]"
Add component (AddParameter): Name = "Price"; Value = "1.07"; VariantName = "[No Variations]"
Add component (AddParameter): Name = "Series"; Value = "Eurostyle ESE 39502"; VariantName = "[No Variations]"
Add component (AddParameter): Name = "Supplier 1"; Value = "DigiKey"; VariantName = "[No Variations]"
Add component (AddParameter): Name = "Supplier Part Number 1"; Value = "WM7772-ND"; VariantName = "[No Variations]"
Add component (AddParameter): Name = "Termination Style"; Value = "Solder"; VariantName = "[No Variations]"
Add component (AddParameter): Name = "Type"; Value = "Header, Male Pins, Shrouded (4 Side)"; VariantName = "[No Variations]"
Add component (AddParameter): Name = "Voltage - UL"; Value = "300V"; VariantName = "[No Variations]"
Added Component: Designator=J2(TE_4-1775099-8)
Add component (AddParameter): Name = "Availability"; Value = "Unavailable"; VariantName = "[No Variations]"
Add component (AddParameter): Name = "MF"; Value = ""; VariantName = "[No Variations]"
Add component (AddParameter): Name = "MP"; Value = "4-1775099-8"; VariantName = "[No Variations]"
Add component (AddParameter): Name = "Package"; Value = "None"; VariantName = "[No Variations]"
Add component (AddParameter): Name = "Price"; Value = "None"; VariantName = "[No Variations]"
Add component (AddParameter): Name = "Value"; Value = ""; VariantName = "[No Variations]"
Added Component: Designator=P1(HDR1X2)
Add component (AddParameter): Name = "LatestRevisionDate"; Value = "17-Jul-2002"; VariantName = "[No Variations]"
Add component (AddParameter): Name = "LatestRevisionNote"; Value = "Re-released for DXP Platform."; VariantName = "[No Variations]"
Add component (AddParameter): Name = "Publisher"; Value = "Altium Limited"; VariantName = "[No Variations]"
Added Component: Designator=P2(HDR1X2)
Add component (AddParameter): Name = "LatestRevisionDate"; Value = "17-Jul-2002"; VariantName = "[No Variations]"
Add component (AddParameter): Name = "LatestRevisionNote"; Value = "Re-released for DXP Platform."; VariantName = "[No Variations]"
Add component (AddParameter): Name = "Publisher"; Value = "Altium Limited"; VariantName = "[No Variations]"
Added Component: Designator=P3(HDR1X2)
Add component (AddParameter): Name = "LatestRevisionDate"; Value = "17-Jul-2002"; VariantName = "[No Variations]"
Add component (AddParameter): Name = "LatestRevisionNote"; Value = "Re-released for DXP Platform."; VariantName = "[No Variations]"
Add component (AddParameter): Name = "Publisher"; Value = "Altium Limited"; VariantName = "[No Variations]"
Added Component: Designator=P4(HDR1X2)
Add component (AddParameter): Name = "LatestRevisionDate"; Value = "17-Jul-2002"; VariantName = "[No Variations]"
Add component (AddParameter): Name = "LatestRevisionNote"; Value = "Re-released for DXP Platform."; VariantName = "[No Variations]"
Add component (AddParameter): Name = "Publisher"; Value = "Altium Limited"; VariantName = "[No Variations]"
Added Pin To Net: NetName=PULSE Pin=J1-1
Change Net Color : Old Net Color=RGB(158, 161, 117) New Net Color=Fuchsia
Added Pin To Net: NetName=+3V3_MC Pin=F2-2
Added Pin To Net: NetName=+3V3_MC Pin=P3-2
Added Net: Name=+3V3_MC
Added Pin To Net: NetName=+3V3 Pin=F1-2
Added Pin To Net: NetName=+3V3 Pin=P3-1
Added Net: Name=+3V3
Added Pin To Net: NetName=+5V_MC Pin=C1-2
Added Pin To Net: NetName=+5V_MC Pin=C2-2
Added Pin To Net: NetName=+5V_MC Pin=U-P1_1
Added Pin To Net: NetName=+5V_MC Pin=U-P1_2
Added Net: Name=+5V_MC
Added Pin To Net: NetName=+5VIN Pin=F4-1
Added Pin To Net: NetName=+5VIN Pin=P4-1
Added Net: Name=+5VIN
Added Pin To Net: NetName=+5V Pin=F5-2
Added Pin To Net: NetName=+5V Pin=P4-2
Added Net: Name=+5V
Added Pin To Net: NetName=+12V Pin=F3-1
Added Net: Name=+12V
Added Pin To Net: NetName=3V3 Pin=J1-4
Added Net: Name=3V3
Added Pin To Net: NetName=AGND Pin=J2-14
Added Pin To Net: NetName=AGND Pin=P2-1
Added Net: Name=AGND
Added Pin To Net: NetName=DIRECTION Pin=J1-2
Added Pin To Net: NetName=DIRECTION Pin=U-P1_49
Added Net: Name=DIRECTION
Added Pin To Net: NetName=ENABLE Pin=J1-3
Added Pin To Net: NetName=ENABLE Pin=U-P1_47
Added Net: Name=ENABLE
Added Pin To Net: NetName=F3 Pin=F1-1
Added Pin To Net: NetName=F3 Pin=J2-1
Added Pin To Net: NetName=F3 Pin=J2-2
Added Pin To Net: NetName=F3 Pin=J2-23
Added Net: Name=F3
Added Pin To Net: NetName=F5 Pin=F5-1
Added Pin To Net: NetName=F5 Pin=J2-7
Added Pin To Net: NetName=F5 Pin=J2-11
Added Pin To Net: NetName=F5 Pin=J2-20
Added Pin To Net: NetName=F5 Pin=J2-22
Added Net: Name=F5
Added Pin To Net: NetName=GND_MC Pin=C1-1
Added Pin To Net: NetName=GND_MC Pin=C2-1
Added Pin To Net: NetName=GND_MC Pin=U-JP1_1
Added Pin To Net: NetName=GND_MC Pin=U-JP1_2
Added Pin To Net: NetName=GND_MC Pin=U-JP2_1
Added Pin To Net: NetName=GND_MC Pin=U-JP2_2
Added Pin To Net: NetName=GND_MC Pin=U-P1_63
Added Pin To Net: NetName=GND_MC Pin=U-P1_64
Added Pin To Net: NetName=GND_MC Pin=U-P2_11
Added Pin To Net: NetName=GND_MC Pin=U-P2_29
Added Pin To Net: NetName=GND_MC Pin=U-P2_63
Added Pin To Net: NetName=GND_MC Pin=U-P2_64
Added Net: Name=GND_MC
Added Pin To Net: NetName=GND Pin=J2-5
Added Pin To Net: NetName=GND Pin=J2-6
Added Pin To Net: NetName=GND Pin=J2-9
Added Pin To Net: NetName=GND Pin=J2-10
Added Pin To Net: NetName=GND Pin=J2-12
Added Pin To Net: NetName=GND Pin=J2-13
Added Pin To Net: NetName=GND Pin=J2-24
Added Pin To Net: NetName=GND Pin=P1-1
Added Pin To Net: NetName=GND Pin=P2-2
Added Net: Name=GND
Added Pin To Net: NetName=NetF2_1 Pin=F2-1
Added Pin To Net: NetName=NetF2_1 Pin=J2-3
Added Net: Name=NetF2_1
Added Pin To Net: NetName=NetF3_2 Pin=F3-2
Added Pin To Net: NetName=NetF3_2 Pin=J2-19
Added Pin To Net: NetName=NetF3_2 Pin=J2-21
Added Net: Name=NetF3_2
Added Pin To Net: NetName=NetF4_2 Pin=F4-2
Added Pin To Net: NetName=NetF4_2 Pin=J2-18
Added Net: Name=NetF4_2
Added Pin To Net: NetName=PS-ON Pin=J2-8
Added Pin To Net: NetName=PS-ON Pin=P1-2
Added Net: Name=PS-ON
Added Class: Name=POWER_SUPPLY ATX24_PIN_SCH
Added Member To Class: ClassName=MAIN_SCH Member=Component C1 100pF
Added Member To Class: ClassName=MAIN_SCH Member=Component C2 100pF
Added Member To Class: ClassName=MAIN_SCH Member=Component J1 MOTOR_HEADER
